{"numTotalTestSuites":4,"numPassedTestSuites":4,"numFailedTestSuites":0,"numPendingTestSuites":0,"numTotalTests":2,"numPassedTests":2,"numFailedTests":0,"numPendingTests":0,"numTodoTests":0,"snapshot":{"added":14,"failure":false,"filesAdded":2,"filesRemoved":0,"filesRemovedList":[],"filesUnmatched":0,"filesUpdated":0,"matched":0,"total":14,"unchecked":14,"uncheckedKeysByFile":[{"filePath":"/Users/enddy/amplica/e2d-xcm-testing/frequency-chopsticks/tests/xcm-reserve-transfer-assethub-to-frequency.test.ts","keys":["XCM > AssetHub send DOT to Frequency > AssetHub chain xcm events 1","XCM > AssetHub send DOT to Frequency > assethhub-initial-events 1","XCM > AssetHub send DOT to Frequency > initial-events-force-subscribe-version-notify 1","XCM > AssetHub send DOT to Frequency > outbound-hrmp-messages 1","XCM > AssetHub send DOT to Frequency 1","XCM > AssetHub send DOT to Frequency 2"]},{"filePath":"/Users/enddy/amplica/e2d-xcm-testing/frequency-chopsticks/tests/xcm-reserve-transfer-frequency-to-assethub.test.ts","keys":["XCM > transfers assets from frequency to assethub > assetHub-initial-events 1","XCM > transfers assets from frequency to assethub > assethub-receive-chain-xcm events 1","XCM > transfers assets from frequency to assethub > frequency-after-sending-xcm-events 1","XCM > transfers assets from frequency to assethub > frequency-inbound-hrmp-messages 1","XCM > transfers assets from frequency to assethub > frequency-initial-events 1","XCM > transfers assets from frequency to assethub 1","XCM > transfers assets from frequency to assethub 2","XCM > transfers assets from frequency to assethub 3"]}],"unmatched":0,"updated":0,"didUpdate":false},"startTime":1757450527470,"success":true,"testResults":[{"assertionResults":[{"ancestorTitles":["XCM limited reserve transfer from AssetHub to Frequency"],"fullName":"XCM limited reserve transfer from AssetHub to Frequency AssetHub send DOT to Frequency","status":"passed","title":"AssetHub send DOT to Frequency","duration":13135.428458,"failureMessages":[],"meta":{}}],"startTime":1757450529230,"endTime":1757450542365.4285,"status":"passed","message":"","name":"/Users/enddy/amplica/e2d-xcm-testing/frequency-chopsticks/tests/xcm-reserve-transfer-assethub-to-frequency.test.ts"},{"assertionResults":[{"ancestorTitles":["XCM Reserve Transfer from Frequency to AssetHub"],"fullName":"XCM Reserve Transfer from Frequency to AssetHub transfers assets from frequency to assethub","status":"passed","title":"transfers assets from frequency to assethub","duration":15484.361667,"failureMessages":[],"meta":{}}],"startTime":1757450529258,"endTime":1757450544742.3616,"status":"passed","message":"","name":"/Users/enddy/amplica/e2d-xcm-testing/frequency-chopsticks/tests/xcm-reserve-transfer-frequency-to-assethub.test.ts"}]}