{"numTotalTestSuites":2,"numPassedTestSuites":2,"numFailedTestSuites":0,"numPendingTestSuites":0,"numTotalTests":1,"numPassedTests":1,"numFailedTests":0,"numPendingTests":0,"numTodoTests":0,"snapshot":{"added":5,"failure":false,"filesAdded":1,"filesRemoved":0,"filesRemovedList":[],"filesUnmatched":0,"filesUpdated":0,"matched":0,"total":5,"unchecked":0,"uncheckedKeysByFile":[],"unmatched":0,"updated":0,"didUpdate":false},"startTime":1757373946510,"success":true,"testResults":[{"assertionResults":[{"ancestorTitles":["XCM"],"fullName":"XCM AssetHub send DOT to Frequency","status":"passed","title":"AssetHub send DOT to Frequency","duration":6922.608625000001,"failureMessages":[],"meta":{}}],"startTime":1757373947695,"endTime":1757373954617.6086,"status":"passed","message":"","name":"/Users/enddy/amplica/e2d-xcm-testing/frequency-chopsticks/tests/xcm-transfer-copy.test.ts"}]}